<?xml version="1.0" encoding="UTF-8"?>
<robot generator="Robot 7.0 (Python 3.12.0rc3 on win32)" generated="2024-04-08T11:08:31.789075" rpa="false" schemaversion="5">
<suite id="s1" name="Login" source="C:\QAX\desafio\RobotFramework\desafio_robot\test\login.robot">
<test id="s1-t1" name="Cenario: Login com sucesso" line="9">
<kw name="Dado que o usuario esteja no site seu barriga" owner="loginSteps">
<kw name="Abrir navegador" owner="base">
<kw name="Open Browser" owner="SeleniumLibrary">
<msg time="2024-04-08T11:08:31.933354" level="INFO">Opening browser 'chrome' to base url 'https://seubarriga.wcaquino.me/login'.</msg>
<arg>${Site}</arg>
<arg>${Browser}</arg>
<doc>Opens a new browser instance to the optional ``url``.</doc>
<status status="PASS" start="2024-04-08T11:08:31.932352" elapsed="14.074587"/>
</kw>
<kw name="Maximize Browser Window" owner="SeleniumLibrary">
<doc>Maximizes current browser window.</doc>
<status status="PASS" start="2024-04-08T11:08:46.006939" elapsed="0.115321"/>
</kw>
<status status="PASS" start="2024-04-08T11:08:31.932352" elapsed="14.189908"/>
</kw>
<status status="PASS" start="2024-04-08T11:08:31.932352" elapsed="14.189908"/>
</kw>
<kw name="Quando o usuario preencher o campo email do login" owner="loginSteps">
<kw name="InserirEmail" owner="cadastroPage">
<kw name="Escrever" owner="base">
<kw name="Input Text" owner="SeleniumLibrary">
<msg time="2024-04-08T11:08:46.123260" level="INFO">Typing text 'teste@desafio.com' into text field '//input[@id="email"]'.</msg>
<arg>${locator}</arg>
<arg>${variavel}</arg>
<doc>Types the given ``text`` into the text field identified by ``locator``.</doc>
<status status="PASS" start="2024-04-08T11:08:46.123260" elapsed="0.057516"/>
</kw>
<arg>${input_email}</arg>
<arg>${email}</arg>
<status status="PASS" start="2024-04-08T11:08:46.123260" elapsed="0.057516"/>
</kw>
<arg>teste@desafio.com</arg>
<status status="PASS" start="2024-04-08T11:08:46.122260" elapsed="0.059517"/>
</kw>
<status status="PASS" start="2024-04-08T11:08:46.122260" elapsed="0.059517"/>
</kw>
<kw name="E o usuario preencher o campo senha" owner="loginSteps">
<kw name="InserirSenha" owner="cadastroPage">
<kw name="Escrever" owner="base">
<kw name="Input Text" owner="SeleniumLibrary">
<msg time="2024-04-08T11:08:46.182777" level="INFO">Typing text '1234' into text field '//input[@id="senha"]'.</msg>
<arg>${locator}</arg>
<arg>${variavel}</arg>
<doc>Types the given ``text`` into the text field identified by ``locator``.</doc>
<status status="PASS" start="2024-04-08T11:08:46.182777" elapsed="0.043010"/>
</kw>
<arg>${input_senha}</arg>
<arg>${senha}</arg>
<status status="PASS" start="2024-04-08T11:08:46.181777" elapsed="0.044010"/>
</kw>
<arg>1234</arg>
<status status="PASS" start="2024-04-08T11:08:46.181777" elapsed="0.044010"/>
</kw>
<status status="PASS" start="2024-04-08T11:08:46.181777" elapsed="0.044010"/>
</kw>
<kw name="E o usuario clicar no botao “Entrar”" owner="loginSteps">
<kw name="ClicarNoBotao" owner="loginPage">
<kw name="Capture Page Screenshot" owner="SeleniumLibrary">
<msg time="2024-04-08T11:08:46.348247" level="INFO" html="true">&lt;/td&gt;&lt;/tr&gt;&lt;tr&gt;&lt;td colspan="3"&gt;&lt;a href="selenium-screenshot-30.png"&gt;&lt;img src="selenium-screenshot-30.png" width="800px"&gt;&lt;/a&gt;</msg>
<doc>Takes a screenshot of the current page and embeds it into a log file.</doc>
<status status="PASS" start="2024-04-08T11:08:46.226788" elapsed="0.121459"/>
</kw>
<kw name="Clicar" owner="base">
<kw name="Click Element" owner="SeleniumLibrary">
<msg time="2024-04-08T11:08:46.349247" level="INFO">Clicking element '//button[@class="btn btn-primary"]'.</msg>
<arg>${locator}</arg>
<doc>Click the element identified by ``locator``.</doc>
<status status="PASS" start="2024-04-08T11:08:46.349247" elapsed="0.536084"/>
</kw>
<arg>${bnt_login}</arg>
<status status="PASS" start="2024-04-08T11:08:46.348247" elapsed="0.537084"/>
</kw>
<status status="PASS" start="2024-04-08T11:08:46.225787" elapsed="0.659544"/>
</kw>
<status status="PASS" start="2024-04-08T11:08:46.225787" elapsed="0.659544"/>
</kw>
<kw name="Então o sistema exibe uma mensagem de sucesso:" owner="loginSteps">
<kw name="AlertaDeSucesso" owner="cadastroPage">
<kw name="Retornar Mensagem" owner="base">
<kw name="Element Text Should Be" owner="SeleniumLibrary">
<msg time="2024-04-08T11:08:46.886331" level="INFO">Verifying element '//div[@class="alert alert-success"]' contains exact text 'Bem vindo, teste!'.</msg>
<arg>${locator}</arg>
<arg>${texto}</arg>
<doc>Verifies that element ``locator`` contains exact the text ``expected``.</doc>
<status status="PASS" start="2024-04-08T11:08:46.886331" elapsed="0.014004"/>
</kw>
<arg>${alerta_sucesso}</arg>
<arg>${msg}</arg>
<status status="PASS" start="2024-04-08T11:08:46.886331" elapsed="0.014004"/>
</kw>
<kw name="Capture Page Screenshot" owner="SeleniumLibrary">
<msg time="2024-04-08T11:08:46.983869" level="INFO" html="true">&lt;/td&gt;&lt;/tr&gt;&lt;tr&gt;&lt;td colspan="3"&gt;&lt;a href="selenium-screenshot-31.png"&gt;&lt;img src="selenium-screenshot-31.png" width="800px"&gt;&lt;/a&gt;</msg>
<doc>Takes a screenshot of the current page and embeds it into a log file.</doc>
<status status="PASS" start="2024-04-08T11:08:46.900335" elapsed="0.084534"/>
</kw>
<arg>${msg}</arg>
<status status="PASS" start="2024-04-08T11:08:46.885331" elapsed="0.099538"/>
</kw>
<kw name="Close Browser" owner="SeleniumLibrary">
<doc>Closes the current browser.</doc>
<status status="PASS" start="2024-04-08T11:08:46.984869" elapsed="3.803517"/>
</kw>
<arg>Bem vindo, teste!</arg>
<status status="PASS" start="2024-04-08T11:08:46.885331" elapsed="3.903055"/>
</kw>
<status status="PASS" start="2024-04-08T11:08:31.931849" elapsed="18.856537"/>
</test>
<test id="s1-t2" name="Cenario: Login com email em branco" line="16">
<kw name="Dado que o usuario esteja no site seu barriga" owner="loginSteps">
<kw name="Abrir navegador" owner="base">
<kw name="Open Browser" owner="SeleniumLibrary">
<msg time="2024-04-08T11:08:50.789386" level="INFO">Opening browser 'chrome' to base url 'https://seubarriga.wcaquino.me/login'.</msg>
<arg>${Site}</arg>
<arg>${Browser}</arg>
<doc>Opens a new browser instance to the optional ``url``.</doc>
<status status="PASS" start="2024-04-08T11:08:50.789386" elapsed="7.970528"/>
</kw>
<kw name="Maximize Browser Window" owner="SeleniumLibrary">
<doc>Maximizes current browser window.</doc>
<status status="PASS" start="2024-04-08T11:08:58.759914" elapsed="0.113625"/>
</kw>
<status status="PASS" start="2024-04-08T11:08:50.789386" elapsed="8.084153"/>
</kw>
<status status="PASS" start="2024-04-08T11:08:50.789386" elapsed="8.084153"/>
</kw>
<kw name="Quando o usuario nao preencher o campo email" owner="loginSteps">
<kw name="InserirEmail" owner="cadastroPage">
<kw name="Escrever" owner="base">
<kw name="Input Text" owner="SeleniumLibrary">
<msg time="2024-04-08T11:08:58.874540" level="INFO">Typing text '' into text field '//input[@id="email"]'.</msg>
<arg>${locator}</arg>
<arg>${variavel}</arg>
<doc>Types the given ``text`` into the text field identified by ``locator``.</doc>
<status status="PASS" start="2024-04-08T11:08:58.874540" elapsed="0.049012"/>
</kw>
<arg>${input_email}</arg>
<arg>${email}</arg>
<status status="PASS" start="2024-04-08T11:08:58.873539" elapsed="0.050013"/>
</kw>
<arg>email=</arg>
<status status="PASS" start="2024-04-08T11:08:58.873539" elapsed="0.050013"/>
</kw>
<status status="PASS" start="2024-04-08T11:08:58.873539" elapsed="0.050013"/>
</kw>
<kw name="E o usuario preencher o campo senha" owner="loginSteps">
<kw name="InserirSenha" owner="cadastroPage">
<kw name="Escrever" owner="base">
<kw name="Input Text" owner="SeleniumLibrary">
<msg time="2024-04-08T11:08:58.925552" level="INFO">Typing text '1234' into text field '//input[@id="senha"]'.</msg>
<arg>${locator}</arg>
<arg>${variavel}</arg>
<doc>Types the given ``text`` into the text field identified by ``locator``.</doc>
<status status="PASS" start="2024-04-08T11:08:58.924553" elapsed="0.044514"/>
</kw>
<arg>${input_senha}</arg>
<arg>${senha}</arg>
<status status="PASS" start="2024-04-08T11:08:58.924553" elapsed="0.044514"/>
</kw>
<arg>1234</arg>
<status status="PASS" start="2024-04-08T11:08:58.924553" elapsed="0.044514"/>
</kw>
<status status="PASS" start="2024-04-08T11:08:58.924553" elapsed="0.044514"/>
</kw>
<kw name="E o usuario clicar no botao “Entrar”" owner="loginSteps">
<kw name="ClicarNoBotao" owner="loginPage">
<kw name="Capture Page Screenshot" owner="SeleniumLibrary">
<msg time="2024-04-08T11:08:59.063722" level="INFO" html="true">&lt;/td&gt;&lt;/tr&gt;&lt;tr&gt;&lt;td colspan="3"&gt;&lt;a href="selenium-screenshot-32.png"&gt;&lt;img src="selenium-screenshot-32.png" width="800px"&gt;&lt;/a&gt;</msg>
<doc>Takes a screenshot of the current page and embeds it into a log file.</doc>
<status status="PASS" start="2024-04-08T11:08:58.970066" elapsed="0.093656"/>
</kw>
<kw name="Clicar" owner="base">
<kw name="Click Element" owner="SeleniumLibrary">
<msg time="2024-04-08T11:08:59.063722" level="INFO">Clicking element '//button[@class="btn btn-primary"]'.</msg>
<arg>${locator}</arg>
<doc>Click the element identified by ``locator``.</doc>
<status status="PASS" start="2024-04-08T11:08:59.063722" elapsed="0.135028"/>
</kw>
<arg>${bnt_login}</arg>
<status status="PASS" start="2024-04-08T11:08:59.063722" elapsed="0.135028"/>
</kw>
<status status="PASS" start="2024-04-08T11:08:58.970066" elapsed="0.228684"/>
</kw>
<status status="PASS" start="2024-04-08T11:08:58.970066" elapsed="0.229684"/>
</kw>
<kw name="Então o sistema exibe uma mensagem de erro:" owner="loginSteps">
<kw name="AlertaDeErro" owner="cadastroPage">
<kw name="Retornar Mensagem" owner="base">
<kw name="Element Text Should Be" owner="SeleniumLibrary">
<msg time="2024-04-08T11:08:59.200750" level="INFO">Verifying element '//div[@class="alert alert-danger"]' contains exact text 'Email é um campo obrigatório'.</msg>
<arg>${locator}</arg>
<arg>${texto}</arg>
<doc>Verifies that element ``locator`` contains exact the text ``expected``.</doc>
<status status="PASS" start="2024-04-08T11:08:59.200750" elapsed="0.027008"/>
</kw>
<arg>${alerta_erro}</arg>
<arg>${msg}</arg>
<status status="PASS" start="2024-04-08T11:08:59.199750" elapsed="0.028008"/>
</kw>
<kw name="Capture Page Screenshot" owner="SeleniumLibrary">
<msg time="2024-04-08T11:08:59.310210" level="INFO" html="true">&lt;/td&gt;&lt;/tr&gt;&lt;tr&gt;&lt;td colspan="3"&gt;&lt;a href="selenium-screenshot-33.png"&gt;&lt;img src="selenium-screenshot-33.png" width="800px"&gt;&lt;/a&gt;</msg>
<doc>Takes a screenshot of the current page and embeds it into a log file.</doc>
<status status="PASS" start="2024-04-08T11:08:59.227758" elapsed="0.082452"/>
</kw>
<arg>${msg}</arg>
<status status="PASS" start="2024-04-08T11:08:59.199750" elapsed="0.110460"/>
</kw>
<kw name="Close Browser" owner="SeleniumLibrary">
<doc>Closes the current browser.</doc>
<status status="PASS" start="2024-04-08T11:08:59.310210" elapsed="2.409177"/>
</kw>
<arg>Email é um campo obrigatório</arg>
<status status="PASS" start="2024-04-08T11:08:59.199750" elapsed="2.519637"/>
</kw>
<status status="PASS" start="2024-04-08T11:08:50.789386" elapsed="10.930001"/>
</test>
<test id="s1-t3" name="Cenario: Login com senha em branco" line="23">
<kw name="Dado que o usuario esteja no site seu barriga" owner="loginSteps">
<kw name="Abrir navegador" owner="base">
<kw name="Open Browser" owner="SeleniumLibrary">
<msg time="2024-04-08T11:09:01.720387" level="INFO">Opening browser 'chrome' to base url 'https://seubarriga.wcaquino.me/login'.</msg>
<arg>${Site}</arg>
<arg>${Browser}</arg>
<doc>Opens a new browser instance to the optional ``url``.</doc>
<status status="PASS" start="2024-04-08T11:09:01.720387" elapsed="11.832366"/>
</kw>
<kw name="Maximize Browser Window" owner="SeleniumLibrary">
<doc>Maximizes current browser window.</doc>
<status status="PASS" start="2024-04-08T11:09:13.552753" elapsed="0.109253"/>
</kw>
<status status="PASS" start="2024-04-08T11:09:01.720387" elapsed="11.941619"/>
</kw>
<status status="PASS" start="2024-04-08T11:09:01.720387" elapsed="11.941619"/>
</kw>
<kw name="Quando o usuario preencher o campo email do login" owner="loginSteps">
<kw name="InserirEmail" owner="cadastroPage">
<kw name="Escrever" owner="base">
<kw name="Input Text" owner="SeleniumLibrary">
<msg time="2024-04-08T11:09:13.663006" level="INFO">Typing text 'teste@desafio.com' into text field '//input[@id="email"]'.</msg>
<arg>${locator}</arg>
<arg>${variavel}</arg>
<doc>Types the given ``text`` into the text field identified by ``locator``.</doc>
<status status="PASS" start="2024-04-08T11:09:13.662006" elapsed="0.059015"/>
</kw>
<arg>${input_email}</arg>
<arg>${email}</arg>
<status status="PASS" start="2024-04-08T11:09:13.662006" elapsed="0.059015"/>
</kw>
<arg>teste@desafio.com</arg>
<status status="PASS" start="2024-04-08T11:09:13.662006" elapsed="0.059015"/>
</kw>
<status status="PASS" start="2024-04-08T11:09:13.662006" elapsed="0.059015"/>
</kw>
<kw name="E o usuario nao preencher o campo senha" owner="loginSteps">
<kw name="InserirSenha" owner="cadastroPage">
<kw name="Escrever" owner="base">
<kw name="Input Text" owner="SeleniumLibrary">
<msg time="2024-04-08T11:09:13.722021" level="INFO">Typing text '' into text field '//input[@id="senha"]'.</msg>
<arg>${locator}</arg>
<arg>${variavel}</arg>
<doc>Types the given ``text`` into the text field identified by ``locator``.</doc>
<status status="PASS" start="2024-04-08T11:09:13.722021" elapsed="0.041480"/>
</kw>
<arg>${input_senha}</arg>
<arg>${senha}</arg>
<status status="PASS" start="2024-04-08T11:09:13.721021" elapsed="0.042480"/>
</kw>
<arg>senha=</arg>
<status status="PASS" start="2024-04-08T11:09:13.721021" elapsed="0.042480"/>
</kw>
<status status="PASS" start="2024-04-08T11:09:13.721021" elapsed="0.042480"/>
</kw>
<kw name="E o usuario clicar no botao “Entrar”" owner="loginSteps">
<kw name="ClicarNoBotao" owner="loginPage">
<kw name="Capture Page Screenshot" owner="SeleniumLibrary">
<msg time="2024-04-08T11:09:13.857304" level="INFO" html="true">&lt;/td&gt;&lt;/tr&gt;&lt;tr&gt;&lt;td colspan="3"&gt;&lt;a href="selenium-screenshot-34.png"&gt;&lt;img src="selenium-screenshot-34.png" width="800px"&gt;&lt;/a&gt;</msg>
<doc>Takes a screenshot of the current page and embeds it into a log file.</doc>
<status status="PASS" start="2024-04-08T11:09:13.764501" elapsed="0.092803"/>
</kw>
<kw name="Clicar" owner="base">
<kw name="Click Element" owner="SeleniumLibrary">
<msg time="2024-04-08T11:09:13.858304" level="INFO">Clicking element '//button[@class="btn btn-primary"]'.</msg>
<arg>${locator}</arg>
<doc>Click the element identified by ``locator``.</doc>
<status status="PASS" start="2024-04-08T11:09:13.858304" elapsed="0.724721"/>
</kw>
<arg>${bnt_login}</arg>
<status status="PASS" start="2024-04-08T11:09:13.858304" elapsed="0.724721"/>
</kw>
<status status="PASS" start="2024-04-08T11:09:13.763501" elapsed="0.819524"/>
</kw>
<status status="PASS" start="2024-04-08T11:09:13.763501" elapsed="0.819524"/>
</kw>
<kw name="Então o sistema exibe uma mensagem de erro:" owner="loginSteps">
<kw name="AlertaDeErro" owner="cadastroPage">
<kw name="Retornar Mensagem" owner="base">
<kw name="Element Text Should Be" owner="SeleniumLibrary">
<msg time="2024-04-08T11:09:14.584026" level="INFO">Verifying element '//div[@class="alert alert-danger"]' contains exact text 'Senha é um campo obrigatório'.</msg>
<arg>${locator}</arg>
<arg>${texto}</arg>
<doc>Verifies that element ``locator`` contains exact the text ``expected``.</doc>
<status status="PASS" start="2024-04-08T11:09:14.584026" elapsed="0.014003"/>
</kw>
<arg>${alerta_erro}</arg>
<arg>${msg}</arg>
<status status="PASS" start="2024-04-08T11:09:14.584026" elapsed="0.014003"/>
</kw>
<kw name="Capture Page Screenshot" owner="SeleniumLibrary">
<msg time="2024-04-08T11:09:15.221777" level="INFO" html="true">&lt;/td&gt;&lt;/tr&gt;&lt;tr&gt;&lt;td colspan="3"&gt;&lt;a href="selenium-screenshot-35.png"&gt;&lt;img src="selenium-screenshot-35.png" width="800px"&gt;&lt;/a&gt;</msg>
<doc>Takes a screenshot of the current page and embeds it into a log file.</doc>
<status status="PASS" start="2024-04-08T11:09:14.598029" elapsed="0.623748"/>
</kw>
<arg>${msg}</arg>
<status status="PASS" start="2024-04-08T11:09:14.584026" elapsed="0.638751"/>
</kw>
<kw name="Close Browser" owner="SeleniumLibrary">
<doc>Closes the current browser.</doc>
<status status="PASS" start="2024-04-08T11:09:15.222777" elapsed="3.668915"/>
</kw>
<arg>Senha é um campo obrigatório</arg>
<status status="PASS" start="2024-04-08T11:09:14.583025" elapsed="4.308667"/>
</kw>
<status status="PASS" start="2024-04-08T11:09:01.720387" elapsed="17.171305"/>
</test>
<test id="s1-t4" name="Cenario: Login com email invalido" line="30">
<kw name="Dado que o usuario esteja no site seu barriga" owner="loginSteps">
<kw name="Abrir navegador" owner="base">
<kw name="Open Browser" owner="SeleniumLibrary">
<msg time="2024-04-08T11:09:18.892692" level="INFO">Opening browser 'chrome' to base url 'https://seubarriga.wcaquino.me/login'.</msg>
<arg>${Site}</arg>
<arg>${Browser}</arg>
<doc>Opens a new browser instance to the optional ``url``.</doc>
<status status="PASS" start="2024-04-08T11:09:18.892692" elapsed="5.682188"/>
</kw>
<kw name="Maximize Browser Window" owner="SeleniumLibrary">
<doc>Maximizes current browser window.</doc>
<status status="PASS" start="2024-04-08T11:09:24.574880" elapsed="0.121057"/>
</kw>
<status status="PASS" start="2024-04-08T11:09:18.892692" elapsed="5.803245"/>
</kw>
<status status="PASS" start="2024-04-08T11:09:18.892692" elapsed="5.803245"/>
</kw>
<kw name="Quando o usuario preencher o campo email invalido" owner="loginSteps">
<kw name="InserirEmail" owner="cadastroPage">
<kw name="Escrever" owner="base">
<kw name="Input Text" owner="SeleniumLibrary">
<msg time="2024-04-08T11:09:24.696936" level="INFO">Typing text 'testetestando@invalido.com' into text field '//input[@id="email"]'.</msg>
<arg>${locator}</arg>
<arg>${variavel}</arg>
<doc>Types the given ``text`` into the text field identified by ``locator``.</doc>
<status status="PASS" start="2024-04-08T11:09:24.696936" elapsed="0.063224"/>
</kw>
<arg>${input_email}</arg>
<arg>${email}</arg>
<status status="PASS" start="2024-04-08T11:09:24.695937" elapsed="0.064223"/>
</kw>
<arg>testetestando@invalido.com</arg>
<status status="PASS" start="2024-04-08T11:09:24.695937" elapsed="0.064223"/>
</kw>
<status status="PASS" start="2024-04-08T11:09:24.695937" elapsed="0.064223"/>
</kw>
<kw name="E o usuario preencher o campo senha" owner="loginSteps">
<kw name="InserirSenha" owner="cadastroPage">
<kw name="Escrever" owner="base">
<kw name="Input Text" owner="SeleniumLibrary">
<msg time="2024-04-08T11:09:24.761160" level="INFO">Typing text '1234' into text field '//input[@id="senha"]'.</msg>
<arg>${locator}</arg>
<arg>${variavel}</arg>
<doc>Types the given ``text`` into the text field identified by ``locator``.</doc>
<status status="PASS" start="2024-04-08T11:09:24.761160" elapsed="0.048637"/>
</kw>
<arg>${input_senha}</arg>
<arg>${senha}</arg>
<status status="PASS" start="2024-04-08T11:09:24.760160" elapsed="0.049637"/>
</kw>
<arg>1234</arg>
<status status="PASS" start="2024-04-08T11:09:24.760160" elapsed="0.049637"/>
</kw>
<status status="PASS" start="2024-04-08T11:09:24.760160" elapsed="0.049637"/>
</kw>
<kw name="E o usuario clicar no botao “Entrar”" owner="loginSteps">
<kw name="ClicarNoBotao" owner="loginPage">
<kw name="Capture Page Screenshot" owner="SeleniumLibrary">
<msg time="2024-04-08T11:09:24.901631" level="INFO" html="true">&lt;/td&gt;&lt;/tr&gt;&lt;tr&gt;&lt;td colspan="3"&gt;&lt;a href="selenium-screenshot-36.png"&gt;&lt;img src="selenium-screenshot-36.png" width="800px"&gt;&lt;/a&gt;</msg>
<doc>Takes a screenshot of the current page and embeds it into a log file.</doc>
<status status="PASS" start="2024-04-08T11:09:24.810798" elapsed="0.090833"/>
</kw>
<kw name="Clicar" owner="base">
<kw name="Click Element" owner="SeleniumLibrary">
<msg time="2024-04-08T11:09:24.901631" level="INFO">Clicking element '//button[@class="btn btn-primary"]'.</msg>
<arg>${locator}</arg>
<doc>Click the element identified by ``locator``.</doc>
<status status="PASS" start="2024-04-08T11:09:24.901631" elapsed="0.139694"/>
</kw>
<arg>${bnt_login}</arg>
<status status="PASS" start="2024-04-08T11:09:24.901631" elapsed="0.139694"/>
</kw>
<status status="PASS" start="2024-04-08T11:09:24.809797" elapsed="0.231528"/>
</kw>
<status status="PASS" start="2024-04-08T11:09:24.809797" elapsed="0.231528"/>
</kw>
<kw name="Então o sistema exibe uma mensagem de erro:" owner="loginSteps">
<kw name="AlertaDeErro" owner="cadastroPage">
<kw name="Retornar Mensagem" owner="base">
<kw name="Element Text Should Be" owner="SeleniumLibrary">
<msg time="2024-04-08T11:09:25.042325" level="INFO">Verifying element '//div[@class="alert alert-danger"]' contains exact text 'Problemas com o login do usuário'.</msg>
<arg>${locator}</arg>
<arg>${texto}</arg>
<doc>Verifies that element ``locator`` contains exact the text ``expected``.</doc>
<status status="PASS" start="2024-04-08T11:09:25.042325" elapsed="0.029006"/>
</kw>
<arg>${alerta_erro}</arg>
<arg>${msg}</arg>
<status status="PASS" start="2024-04-08T11:09:25.042325" elapsed="0.029006"/>
</kw>
<kw name="Capture Page Screenshot" owner="SeleniumLibrary">
<msg time="2024-04-08T11:09:25.155858" level="INFO" html="true">&lt;/td&gt;&lt;/tr&gt;&lt;tr&gt;&lt;td colspan="3"&gt;&lt;a href="selenium-screenshot-37.png"&gt;&lt;img src="selenium-screenshot-37.png" width="800px"&gt;&lt;/a&gt;</msg>
<doc>Takes a screenshot of the current page and embeds it into a log file.</doc>
<status status="PASS" start="2024-04-08T11:09:25.071331" elapsed="0.084527"/>
</kw>
<arg>${msg}</arg>
<status status="PASS" start="2024-04-08T11:09:25.042325" elapsed="0.113533"/>
</kw>
<kw name="Close Browser" owner="SeleniumLibrary">
<doc>Closes the current browser.</doc>
<status status="PASS" start="2024-04-08T11:09:25.155858" elapsed="2.075790"/>
</kw>
<arg>Problemas com o login do usuário</arg>
<status status="PASS" start="2024-04-08T11:09:25.041325" elapsed="2.190323"/>
</kw>
<status status="PASS" start="2024-04-08T11:09:18.892692" elapsed="8.338956"/>
</test>
<test id="s1-t5" name="Cenario: Login com senha inválida" line="37">
<kw name="Dado que o usuario esteja no site seu barriga" owner="loginSteps">
<kw name="Abrir navegador" owner="base">
<kw name="Open Browser" owner="SeleniumLibrary">
<msg time="2024-04-08T11:09:27.232649" level="INFO">Opening browser 'chrome' to base url 'https://seubarriga.wcaquino.me/login'.</msg>
<arg>${Site}</arg>
<arg>${Browser}</arg>
<doc>Opens a new browser instance to the optional ``url``.</doc>
<status status="PASS" start="2024-04-08T11:09:27.232649" elapsed="1.880344"/>
</kw>
<kw name="Maximize Browser Window" owner="SeleniumLibrary">
<doc>Maximizes current browser window.</doc>
<status status="PASS" start="2024-04-08T11:09:29.113992" elapsed="0.120038"/>
</kw>
<status status="PASS" start="2024-04-08T11:09:27.232649" elapsed="2.001381"/>
</kw>
<status status="PASS" start="2024-04-08T11:09:27.232649" elapsed="2.001381"/>
</kw>
<kw name="Quando o usuario preencher o campo email do login" owner="loginSteps">
<kw name="InserirEmail" owner="cadastroPage">
<kw name="Escrever" owner="base">
<kw name="Input Text" owner="SeleniumLibrary">
<msg time="2024-04-08T11:09:29.235030" level="INFO">Typing text 'teste@desafio.com' into text field '//input[@id="email"]'.</msg>
<arg>${locator}</arg>
<arg>${variavel}</arg>
<doc>Types the given ``text`` into the text field identified by ``locator``.</doc>
<status status="PASS" start="2024-04-08T11:09:29.235030" elapsed="0.058013"/>
</kw>
<arg>${input_email}</arg>
<arg>${email}</arg>
<status status="PASS" start="2024-04-08T11:09:29.234030" elapsed="0.059013"/>
</kw>
<arg>teste@desafio.com</arg>
<status status="PASS" start="2024-04-08T11:09:29.234030" elapsed="0.059013"/>
</kw>
<status status="PASS" start="2024-04-08T11:09:29.234030" elapsed="0.059013"/>
</kw>
<kw name="E o usuario preencher o campo senha invalido" owner="loginSteps">
<kw name="InserirSenha" owner="cadastroPage">
<kw name="Escrever" owner="base">
<kw name="Input Text" owner="SeleniumLibrary">
<msg time="2024-04-08T11:09:29.294043" level="INFO">Typing text '123456' into text field '//input[@id="senha"]'.</msg>
<arg>${locator}</arg>
<arg>${variavel}</arg>
<doc>Types the given ``text`` into the text field identified by ``locator``.</doc>
<status status="PASS" start="2024-04-08T11:09:29.294043" elapsed="0.046516"/>
</kw>
<arg>${input_senha}</arg>
<arg>${senha}</arg>
<status status="PASS" start="2024-04-08T11:09:29.294043" elapsed="0.046516"/>
</kw>
<arg>123456</arg>
<status status="PASS" start="2024-04-08T11:09:29.294043" elapsed="0.046516"/>
</kw>
<status status="PASS" start="2024-04-08T11:09:29.293043" elapsed="0.047516"/>
</kw>
<kw name="E o usuario clicar no botao “Entrar”" owner="loginSteps">
<kw name="ClicarNoBotao" owner="loginPage">
<kw name="Capture Page Screenshot" owner="SeleniumLibrary">
<msg time="2024-04-08T11:09:29.429093" level="INFO" html="true">&lt;/td&gt;&lt;/tr&gt;&lt;tr&gt;&lt;td colspan="3"&gt;&lt;a href="selenium-screenshot-38.png"&gt;&lt;img src="selenium-screenshot-38.png" width="800px"&gt;&lt;/a&gt;</msg>
<doc>Takes a screenshot of the current page and embeds it into a log file.</doc>
<status status="PASS" start="2024-04-08T11:09:29.341560" elapsed="0.087533"/>
</kw>
<kw name="Clicar" owner="base">
<kw name="Click Element" owner="SeleniumLibrary">
<msg time="2024-04-08T11:09:29.429093" level="INFO">Clicking element '//button[@class="btn btn-primary"]'.</msg>
<arg>${locator}</arg>
<doc>Click the element identified by ``locator``.</doc>
<status status="PASS" start="2024-04-08T11:09:29.429093" elapsed="0.338518"/>
</kw>
<arg>${bnt_login}</arg>
<status status="PASS" start="2024-04-08T11:09:29.429093" elapsed="0.338518"/>
</kw>
<status status="PASS" start="2024-04-08T11:09:29.341560" elapsed="0.426051"/>
</kw>
<status status="PASS" start="2024-04-08T11:09:29.341560" elapsed="0.426051"/>
</kw>
<kw name="Então o sistema exibe uma mensagem de erro:" owner="loginSteps">
<kw name="AlertaDeErro" owner="cadastroPage">
<kw name="Retornar Mensagem" owner="base">
<kw name="Element Text Should Be" owner="SeleniumLibrary">
<msg time="2024-04-08T11:09:29.768612" level="INFO">Verifying element '//div[@class="alert alert-danger"]' contains exact text 'Problemas com o login do usuário'.</msg>
<arg>${locator}</arg>
<arg>${texto}</arg>
<doc>Verifies that element ``locator`` contains exact the text ``expected``.</doc>
<status status="PASS" start="2024-04-08T11:09:29.768612" elapsed="0.025911"/>
</kw>
<arg>${alerta_erro}</arg>
<arg>${msg}</arg>
<status status="PASS" start="2024-04-08T11:09:29.767611" elapsed="0.026912"/>
</kw>
<kw name="Capture Page Screenshot" owner="SeleniumLibrary">
<msg time="2024-04-08T11:09:29.871718" level="INFO" html="true">&lt;/td&gt;&lt;/tr&gt;&lt;tr&gt;&lt;td colspan="3"&gt;&lt;a href="selenium-screenshot-39.png"&gt;&lt;img src="selenium-screenshot-39.png" width="800px"&gt;&lt;/a&gt;</msg>
<doc>Takes a screenshot of the current page and embeds it into a log file.</doc>
<status status="PASS" start="2024-04-08T11:09:29.795523" elapsed="0.076195"/>
</kw>
<arg>${msg}</arg>
<status status="PASS" start="2024-04-08T11:09:29.767611" elapsed="0.104107"/>
</kw>
<kw name="Close Browser" owner="SeleniumLibrary">
<doc>Closes the current browser.</doc>
<status status="PASS" start="2024-04-08T11:09:29.871718" elapsed="2.071545"/>
</kw>
<arg>Problemas com o login do usuário</arg>
<status status="PASS" start="2024-04-08T11:09:29.767611" elapsed="2.175652"/>
</kw>
<status status="PASS" start="2024-04-08T11:09:27.232649" elapsed="4.710614"/>
</test>
<test id="s1-t6" name="Cenario: Login com email e senha em brancos" line="44">
<kw name="Dado que o usuario esteja no site seu barriga" owner="loginSteps">
<kw name="Abrir navegador" owner="base">
<kw name="Open Browser" owner="SeleniumLibrary">
<msg time="2024-04-08T11:09:31.945264" level="INFO">Opening browser 'chrome' to base url 'https://seubarriga.wcaquino.me/login'.</msg>
<arg>${Site}</arg>
<arg>${Browser}</arg>
<doc>Opens a new browser instance to the optional ``url``.</doc>
<status status="PASS" start="2024-04-08T11:09:31.944265" elapsed="1.791247"/>
</kw>
<kw name="Maximize Browser Window" owner="SeleniumLibrary">
<doc>Maximizes current browser window.</doc>
<status status="PASS" start="2024-04-08T11:09:33.735512" elapsed="0.115501"/>
</kw>
<status status="PASS" start="2024-04-08T11:09:31.944265" elapsed="1.906748"/>
</kw>
<status status="PASS" start="2024-04-08T11:09:31.944265" elapsed="1.906748"/>
</kw>
<kw name="Quando o usuario nao preencher o campo email" owner="loginSteps">
<kw name="InserirEmail" owner="cadastroPage">
<kw name="Escrever" owner="base">
<kw name="Input Text" owner="SeleniumLibrary">
<msg time="2024-04-08T11:09:33.852013" level="INFO">Typing text '' into text field '//input[@id="email"]'.</msg>
<arg>${locator}</arg>
<arg>${variavel}</arg>
<doc>Types the given ``text`` into the text field identified by ``locator``.</doc>
<status status="PASS" start="2024-04-08T11:09:33.852013" elapsed="0.049515"/>
</kw>
<arg>${input_email}</arg>
<arg>${email}</arg>
<status status="PASS" start="2024-04-08T11:09:33.852013" elapsed="0.049515"/>
</kw>
<arg>email=</arg>
<status status="PASS" start="2024-04-08T11:09:33.851013" elapsed="0.050515"/>
</kw>
<status status="PASS" start="2024-04-08T11:09:33.851013" elapsed="0.050515"/>
</kw>
<kw name="E o usuario nao preencher o campo senha" owner="loginSteps">
<kw name="InserirSenha" owner="cadastroPage">
<kw name="Escrever" owner="base">
<kw name="Input Text" owner="SeleniumLibrary">
<msg time="2024-04-08T11:09:33.902529" level="INFO">Typing text '' into text field '//input[@id="senha"]'.</msg>
<arg>${locator}</arg>
<arg>${variavel}</arg>
<doc>Types the given ``text`` into the text field identified by ``locator``.</doc>
<status status="PASS" start="2024-04-08T11:09:33.902529" elapsed="0.044487"/>
</kw>
<arg>${input_senha}</arg>
<arg>${senha}</arg>
<status status="PASS" start="2024-04-08T11:09:33.902529" elapsed="0.044487"/>
</kw>
<arg>senha=</arg>
<status status="PASS" start="2024-04-08T11:09:33.902529" elapsed="0.044487"/>
</kw>
<status status="PASS" start="2024-04-08T11:09:33.902529" elapsed="0.044487"/>
</kw>
<kw name="E o usuario clicar no botao “Entrar”" owner="loginSteps">
<kw name="ClicarNoBotao" owner="loginPage">
<kw name="Capture Page Screenshot" owner="SeleniumLibrary">
<msg time="2024-04-08T11:09:34.045971" level="INFO" html="true">&lt;/td&gt;&lt;/tr&gt;&lt;tr&gt;&lt;td colspan="3"&gt;&lt;a href="selenium-screenshot-40.png"&gt;&lt;img src="selenium-screenshot-40.png" width="800px"&gt;&lt;/a&gt;</msg>
<doc>Takes a screenshot of the current page and embeds it into a log file.</doc>
<status status="PASS" start="2024-04-08T11:09:33.948017" elapsed="0.097954"/>
</kw>
<kw name="Clicar" owner="base">
<kw name="Click Element" owner="SeleniumLibrary">
<msg time="2024-04-08T11:09:34.046972" level="INFO">Clicking element '//button[@class="btn btn-primary"]'.</msg>
<arg>${locator}</arg>
<doc>Click the element identified by ``locator``.</doc>
<status status="PASS" start="2024-04-08T11:09:34.045971" elapsed="0.124023"/>
</kw>
<arg>${bnt_login}</arg>
<status status="PASS" start="2024-04-08T11:09:34.045971" elapsed="0.125023"/>
</kw>
<status status="PASS" start="2024-04-08T11:09:33.947016" elapsed="0.223978"/>
</kw>
<status status="PASS" start="2024-04-08T11:09:33.947016" elapsed="0.223978"/>
</kw>
<kw name="Então o sistema exibe duas mensagem de erros:" owner="loginSteps">
<kw name="Alerta de erros" owner="loginPage">
<kw name="Element Should Contain" owner="SeleniumLibrary">
<msg time="2024-04-08T11:09:34.199677" level="INFO">Element '//div[@class="alert alert-danger"]' contains text 'Email é um campo obrigatório'.</msg>
<arg>${alerta_erro}</arg>
<arg>${msg1}</arg>
<doc>Verifies that element ``locator`` contains text ``expected``.</doc>
<status status="PASS" start="2024-04-08T11:09:34.171995" elapsed="0.027682"/>
</kw>
<kw name="Element Should Contain" owner="SeleniumLibrary">
<msg time="2024-04-08T11:09:34.209679" level="INFO">Element '//div[@class="alert alert-danger"][2]' contains text 'Senha é um campo obrigatório'.</msg>
<arg>${alerta_erro2}</arg>
<arg>${msg2}</arg>
<doc>Verifies that element ``locator`` contains text ``expected``.</doc>
<status status="PASS" start="2024-04-08T11:09:34.199677" elapsed="0.010002"/>
</kw>
<arg>${msg1}</arg>
<arg>${msg2}</arg>
<status status="PASS" start="2024-04-08T11:09:34.170994" elapsed="0.039685"/>
</kw>
<kw name="Capture Page Screenshot" owner="SeleniumLibrary">
<msg time="2024-04-08T11:09:34.294934" level="INFO" html="true">&lt;/td&gt;&lt;/tr&gt;&lt;tr&gt;&lt;td colspan="3"&gt;&lt;a href="selenium-screenshot-41.png"&gt;&lt;img src="selenium-screenshot-41.png" width="800px"&gt;&lt;/a&gt;</msg>
<doc>Takes a screenshot of the current page and embeds it into a log file.</doc>
<status status="PASS" start="2024-04-08T11:09:34.210679" elapsed="0.084255"/>
</kw>
<kw name="Close Browser" owner="SeleniumLibrary">
<doc>Closes the current browser.</doc>
<status status="PASS" start="2024-04-08T11:09:34.294934" elapsed="2.083033"/>
</kw>
<arg>Email é um campo obrigatório</arg>
<arg>Senha é um campo obrigatório</arg>
<status status="PASS" start="2024-04-08T11:09:34.170994" elapsed="2.206973"/>
</kw>
<status status="PASS" start="2024-04-08T11:09:31.944265" elapsed="4.433702"/>
</test>
<test id="s1-t7" name="Cenario: Login com email e senha inválidos" line="51">
<kw name="Dado que o usuario esteja no site seu barriga" owner="loginSteps">
<kw name="Abrir navegador" owner="base">
<kw name="Open Browser" owner="SeleniumLibrary">
<msg time="2024-04-08T11:09:36.379968" level="INFO">Opening browser 'chrome' to base url 'https://seubarriga.wcaquino.me/login'.</msg>
<arg>${Site}</arg>
<arg>${Browser}</arg>
<doc>Opens a new browser instance to the optional ``url``.</doc>
<status status="PASS" start="2024-04-08T11:09:36.378968" elapsed="2.579509"/>
</kw>
<kw name="Maximize Browser Window" owner="SeleniumLibrary">
<doc>Maximizes current browser window.</doc>
<status status="PASS" start="2024-04-08T11:09:38.958477" elapsed="0.121535"/>
</kw>
<status status="PASS" start="2024-04-08T11:09:36.378968" elapsed="2.701044"/>
</kw>
<status status="PASS" start="2024-04-08T11:09:36.378968" elapsed="2.701044"/>
</kw>
<kw name="Quando o usuario preencher o campo email invalido" owner="loginSteps">
<kw name="InserirEmail" owner="cadastroPage">
<kw name="Escrever" owner="base">
<kw name="Input Text" owner="SeleniumLibrary">
<msg time="2024-04-08T11:09:39.081012" level="INFO">Typing text 'testetestando@invalido.com' into text field '//input[@id="email"]'.</msg>
<arg>${locator}</arg>
<arg>${variavel}</arg>
<doc>Types the given ``text`` into the text field identified by ``locator``.</doc>
<status status="PASS" start="2024-04-08T11:09:39.081012" elapsed="0.061519"/>
</kw>
<arg>${input_email}</arg>
<arg>${email}</arg>
<status status="PASS" start="2024-04-08T11:09:39.080012" elapsed="0.063519"/>
</kw>
<arg>testetestando@invalido.com</arg>
<status status="PASS" start="2024-04-08T11:09:39.080012" elapsed="0.063519"/>
</kw>
<status status="PASS" start="2024-04-08T11:09:39.080012" elapsed="0.063519"/>
</kw>
<kw name="E o usuario preencher o campo senha invalido" owner="loginSteps">
<kw name="InserirSenha" owner="cadastroPage">
<kw name="Escrever" owner="base">
<kw name="Input Text" owner="SeleniumLibrary">
<msg time="2024-04-08T11:09:39.144532" level="INFO">Typing text '123456' into text field '//input[@id="senha"]'.</msg>
<arg>${locator}</arg>
<arg>${variavel}</arg>
<doc>Types the given ``text`` into the text field identified by ``locator``.</doc>
<status status="PASS" start="2024-04-08T11:09:39.144532" elapsed="0.043009"/>
</kw>
<arg>${input_senha}</arg>
<arg>${senha}</arg>
<status status="PASS" start="2024-04-08T11:09:39.143531" elapsed="0.044010"/>
</kw>
<arg>123456</arg>
<status status="PASS" start="2024-04-08T11:09:39.143531" elapsed="0.044010"/>
</kw>
<status status="PASS" start="2024-04-08T11:09:39.143531" elapsed="0.045010"/>
</kw>
<kw name="E o usuario clicar no botao “Entrar”" owner="loginSteps">
<kw name="ClicarNoBotao" owner="loginPage">
<kw name="Capture Page Screenshot" owner="SeleniumLibrary">
<msg time="2024-04-08T11:09:39.280191" level="INFO" html="true">&lt;/td&gt;&lt;/tr&gt;&lt;tr&gt;&lt;td colspan="3"&gt;&lt;a href="selenium-screenshot-42.png"&gt;&lt;img src="selenium-screenshot-42.png" width="800px"&gt;&lt;/a&gt;</msg>
<doc>Takes a screenshot of the current page and embeds it into a log file.</doc>
<status status="PASS" start="2024-04-08T11:09:39.188541" elapsed="0.091650"/>
</kw>
<kw name="Clicar" owner="base">
<kw name="Click Element" owner="SeleniumLibrary">
<msg time="2024-04-08T11:09:39.281191" level="INFO">Clicking element '//button[@class="btn btn-primary"]'.</msg>
<arg>${locator}</arg>
<doc>Click the element identified by ``locator``.</doc>
<status status="PASS" start="2024-04-08T11:09:39.281191" elapsed="0.125885"/>
</kw>
<arg>${bnt_login}</arg>
<status status="PASS" start="2024-04-08T11:09:39.281191" elapsed="0.125885"/>
</kw>
<status status="PASS" start="2024-04-08T11:09:39.188541" elapsed="0.218535"/>
</kw>
<status status="PASS" start="2024-04-08T11:09:39.188541" elapsed="0.219535"/>
</kw>
<kw name="Então o sistema exibe uma mensagem de erro:" owner="loginSteps">
<kw name="AlertaDeErro" owner="cadastroPage">
<kw name="Retornar Mensagem" owner="base">
<kw name="Element Text Should Be" owner="SeleniumLibrary">
<msg time="2024-04-08T11:09:39.409076" level="INFO">Verifying element '//div[@class="alert alert-danger"]' contains exact text 'Problemas com o login do usuário'.</msg>
<arg>${locator}</arg>
<arg>${texto}</arg>
<doc>Verifies that element ``locator`` contains exact the text ``expected``.</doc>
<status status="PASS" start="2024-04-08T11:09:39.409076" elapsed="0.025511"/>
</kw>
<arg>${alerta_erro}</arg>
<arg>${msg}</arg>
<status status="PASS" start="2024-04-08T11:09:39.408076" elapsed="0.026511"/>
</kw>
<kw name="Capture Page Screenshot" owner="SeleniumLibrary">
<msg time="2024-04-08T11:09:39.521105" level="INFO" html="true">&lt;/td&gt;&lt;/tr&gt;&lt;tr&gt;&lt;td colspan="3"&gt;&lt;a href="selenium-screenshot-43.png"&gt;&lt;img src="selenium-screenshot-43.png" width="800px"&gt;&lt;/a&gt;</msg>
<doc>Takes a screenshot of the current page and embeds it into a log file.</doc>
<status status="PASS" start="2024-04-08T11:09:39.435588" elapsed="0.085517"/>
</kw>
<arg>${msg}</arg>
<status status="PASS" start="2024-04-08T11:09:39.408076" elapsed="0.113029"/>
</kw>
<kw name="Close Browser" owner="SeleniumLibrary">
<doc>Closes the current browser.</doc>
<status status="PASS" start="2024-04-08T11:09:39.521105" elapsed="2.114001"/>
</kw>
<arg>Problemas com o login do usuário</arg>
<status status="PASS" start="2024-04-08T11:09:39.408076" elapsed="2.227030"/>
</kw>
<tag>test</tag>
<status status="PASS" start="2024-04-08T11:09:36.378968" elapsed="5.256138"/>
</test>
<doc>Funcionalidade de login</doc>
<status status="PASS" start="2024-04-08T11:08:31.790075" elapsed="69.846036"/>
</suite>
<statistics>
<total>
<stat pass="7" fail="0" skip="0">All Tests</stat>
</total>
<tag>
<stat pass="1" fail="0" skip="0">test</stat>
</tag>
<suite>
<stat pass="7" fail="0" skip="0" id="s1" name="Login">Login</stat>
</suite>
</statistics>
<errors>
</errors>
</robot>
